[2017-05-30 21:58:21.639] [DEBUG] [default] - Api-URL:http://mweb1.api.csj.roycdn.com/api/pk10/history
[2017-05-30 21:58:23.077] [DEBUG] [default] - 设置缓存:pk10_history
[2017-05-30 21:58:24.581] [DEBUG] [default] - Api-URL:http://mweb1.api.csj.roycdn.com/api/pk10/getawardtimes
[2017-05-30 21:59:30.920] [DEBUG] [default] - 缓存过期:pk10_history
[2017-05-30 21:59:30.921] [DEBUG] [default] - Api-URL:http://mweb1.api.csj.roycdn.com/api/pk10/history
[2017-05-30 21:59:31.884] [DEBUG] [default] - 设置缓存:pk10_history
[2017-05-30 21:59:33.104] [DEBUG] [default] - Api-URL:http://mweb1.api.csj.roycdn.com/api/pk10/getawardtimes
[2017-05-30 21:59:40.441] [DEBUG] [default] - Api-URL:http://mweb1.api.csj.roycdn.com/api/pk10/luzhubigorsmall
[2017-05-30 21:59:42.170] [DEBUG] [default] - 设置缓存:pk10_LuZhuBigOrSmall
[2017-05-30 21:59:43.499] [DEBUG] [default] - Api-URL:http://mweb1.api.csj.roycdn.com/api/pk10/getawardtimes
[2017-05-30 22:02:14.867] [DEBUG] [default] - Api-URL:http://mweb1.api.csj.roycdn.com/api/pk10/getawarddata
[2017-05-30 22:02:16.816] [DEBUG] [default] - Api-URL:http://mweb1.api.csj.roycdn.com/api/pk10/getawarddata
[2017-05-30 22:02:18.975] [DEBUG] [default] - Api-URL:http://mweb1.api.csj.roycdn.com/api/pk10/getawarddata
[2017-05-30 22:02:20.934] [DEBUG] [default] - Api-URL:http://mweb1.api.csj.roycdn.com/api/pk10/getawarddata
[2017-05-30 22:02:22.971] [DEBUG] [default] - Api-URL:http://mweb1.api.csj.roycdn.com/api/pk10/getawarddata
[2017-05-30 22:02:24.487] [DEBUG] [default] - Api-URL:http://mweb1.api.csj.roycdn.com/api/pk10/getawarddata
[2017-05-30 22:02:26.876] [DEBUG] [default] - Api-URL:http://mweb1.api.csj.roycdn.com/api/pk10/getawarddata
[2017-05-30 22:02:28.918] [DEBUG] [default] - Api-URL:http://mweb1.api.csj.roycdn.com/api/pk10/getawarddata
[2017-05-30 22:02:30.926] [DEBUG] [default] - Api-URL:http://mweb1.api.csj.roycdn.com/api/pk10/getawarddata
[2017-05-30 22:02:32.928] [DEBUG] [default] - Api-URL:http://mweb1.api.csj.roycdn.com/api/pk10/getawarddata
[2017-05-30 22:02:34.487] [DEBUG] [default] - Api-URL:http://mweb1.api.csj.roycdn.com/api/pk10/getawarddata
[2017-05-30 22:02:35.985] [DEBUG] [default] - Api-URL:http://mweb1.api.csj.roycdn.com/api/pk10/getawarddata
[2017-05-30 22:02:38.674] [DEBUG] [default] - Api-URL:http://mweb1.api.csj.roycdn.com/api/pk10/getawarddata
[2017-05-30 22:02:40.987] [DEBUG] [default] - Api-URL:http://mweb1.api.csj.roycdn.com/api/pk10/getawarddata
[2017-05-30 22:02:42.933] [DEBUG] [default] - Api-URL:http://mweb1.api.csj.roycdn.com/api/pk10/getawarddata
[2017-05-30 22:02:43.247] [DEBUG] [default] - Api-URL:http://mweb1.api.csj.roycdn.com/api/pk10/getawardtimes
[2017-05-30 22:07:54.883] [DEBUG] [default] - Api-URL:http://mweb1.api.csj.roycdn.com/api/pk10/getawarddata
[2017-05-30 22:07:55.252] [DEBUG] [default] - Api-URL:http://mweb1.api.csj.roycdn.com/api/pk10/getawardtimes
[2017-05-30 22:08:05.816] [DEBUG] [default] - Api-URL:http://mweb1.api.csj.roycdn.com/api/pk10/luzhubigorsmall
[2017-05-30 22:08:06.660] [DEBUG] [default] - 设置缓存:pk10_LuZhuBigOrSmall_Tue May 30 2017 21:59:43 GMT 0800 (CST)
[2017-05-30 22:12:51.891] [DEBUG] [default] - Api-URL:http://mweb1.api.csj.roycdn.com/api/pk10/getawarddata
[2017-05-30 22:12:52.307] [DEBUG] [default] - Api-URL:http://mweb1.api.csj.roycdn.com/api/pk10/getawardtimes
[2017-05-30 22:13:02.348] [DEBUG] [default] - Api-URL:http://mweb1.api.csj.roycdn.com/api/pk10/luzhubigorsmall
[2017-05-30 22:13:03.052] [DEBUG] [default] - 设置缓存:pk10_LuZhuBigOrSmall_Tue May 30 2017 21:59:43 GMT 0800 (CST)
[2017-05-30 22:17:11.891] [DEBUG] [default] - Api-URL:http://mweb1.api.csj.roycdn.com/api/pk10/getawarddata
[2017-05-30 22:17:13.873] [DEBUG] [default] - Api-URL:http://mweb1.api.csj.roycdn.com/api/pk10/getawarddata
[2017-05-30 22:18:10.927] [DEBUG] [default] - Api-URL:http://mweb1.api.csj.roycdn.com/api/pk10/getawarddata
[2017-05-30 22:18:11.318] [DEBUG] [default] - Api-URL:http://mweb1.api.csj.roycdn.com/api/pk10/getawarddata
[2017-05-30 22:18:11.327] [DEBUG] [default] - Api-URL:http://mweb1.api.csj.roycdn.com/api/pk10/getawardtimes
[2017-05-30 22:18:11.662] [DEBUG] [default] - Api-URL:http://mweb1.api.csj.roycdn.com/api/pk10/getawarddata
[2017-05-30 22:18:12.000] [DEBUG] [default] - Api-URL:http://mweb1.api.csj.roycdn.com/api/pk10/getawarddata
[2017-05-30 22:18:35.382] [DEBUG] [default] - Api-URL:http://mweb1.api.csj.roycdn.com/api/pk10/luzhubigorsmall
[2017-05-30 22:18:36.167] [DEBUG] [default] - 设置缓存:pk10_LuZhuBigOrSmall
[2017-05-30 22:18:37.367] [DEBUG] [default] - Api-URL:http://mweb1.api.csj.roycdn.com/api/pk10/getawardtimes
[2017-05-30 22:22:26.604] [DEBUG] [default] - Api-URL:http://mweb1.api.csj.roycdn.com/api/pk10/luzhubigorsmall
[2017-05-30 22:22:27.279] [DEBUG] [default] - 设置缓存:pk10_LuZhuBigOrSmall
[2017-05-30 22:22:28.474] [DEBUG] [default] - Api-URL:http://mweb1.api.csj.roycdn.com/api/pk10/getawardtimes
[2017-05-30 22:22:30.838] [DEBUG] [default] - Api-URL:http://mweb1.api.csj.roycdn.com/api/pk10/getawarddata
[2017-05-30 22:22:32.835] [DEBUG] [default] - Api-URL:http://mweb1.api.csj.roycdn.com/api/pk10/getawarddata
[2017-05-30 22:22:34.835] [DEBUG] [default] - Api-URL:http://mweb1.api.csj.roycdn.com/api/pk10/getawarddata
[2017-05-30 22:22:36.836] [DEBUG] [default] - Api-URL:http://mweb1.api.csj.roycdn.com/api/pk10/getawarddata
[2017-05-30 22:22:38.836] [DEBUG] [default] - Api-URL:http://mweb1.api.csj.roycdn.com/api/pk10/getawarddata
[2017-05-30 22:22:40.836] [DEBUG] [default] - Api-URL:http://mweb1.api.csj.roycdn.com/api/pk10/getawarddata
[2017-05-30 22:22:42.834] [DEBUG] [default] - Api-URL:http://mweb1.api.csj.roycdn.com/api/pk10/getawarddata
[2017-05-30 22:22:44.833] [DEBUG] [default] - Api-URL:http://mweb1.api.csj.roycdn.com/api/pk10/getawarddata
[2017-05-30 22:22:46.836] [DEBUG] [default] - Api-URL:http://mweb1.api.csj.roycdn.com/api/pk10/getawarddata
[2017-05-30 22:22:48.839] [DEBUG] [default] - Api-URL:http://mweb1.api.csj.roycdn.com/api/pk10/getawarddata
[2017-05-30 22:22:50.835] [DEBUG] [default] - Api-URL:http://mweb1.api.csj.roycdn.com/api/pk10/getawarddata
[2017-05-30 22:22:53.610] [DEBUG] [default] - Api-URL:http://mweb1.api.csj.roycdn.com/api/pk10/getawarddata
[2017-05-30 22:22:55.937] [DEBUG] [default] - Api-URL:http://mweb1.api.csj.roycdn.com/api/pk10/getawarddata
[2017-05-30 22:22:56.260] [DEBUG] [default] - Api-URL:http://mweb1.api.csj.roycdn.com/api/pk10/getawardtimes
[2017-05-30 22:23:06.832] [DEBUG] [default] - Api-URL:http://mweb1.api.csj.roycdn.com/api/pk10/luzhubigorsmall
[2017-05-30 22:23:07.447] [DEBUG] [default] - 设置缓存:pk10_LuZhuBigOrSmall_Tue May 30 2017 22:22:28 GMT 0800 (CST)
[2017-05-30 22:24:59.292] [DEBUG] [default] - Api-URL:http://mweb1.api.csj.roycdn.com/api/pk10/luzhubigorsmall
[2017-05-30 22:24:59.969] [DEBUG] [default] - 设置缓存:pk10_LuZhuBigOrSmall
[2017-05-30 22:25:01.265] [DEBUG] [default] - Api-URL:http://mweb1.api.csj.roycdn.com/api/pk10/getawardtimes
[2017-05-30 22:27:01.462] [DEBUG] [default] - Api-URL:http://mweb1.api.csj.roycdn.com/api/pk10/luzhubigorsmall
[2017-05-30 22:27:02.124] [DEBUG] [default] - 设置缓存:pk10_LuZhuBigOrSmall
[2017-05-30 22:27:03.220] [DEBUG] [default] - Api-URL:http://mweb1.api.csj.roycdn.com/api/pk10/getawardtimes
[2017-05-30 22:27:11.567] [DEBUG] [default] - Api-URL:http://mweb1.api.csj.roycdn.com/api/pk10/getawarddata
[2017-05-30 22:27:13.562] [DEBUG] [default] - Api-URL:http://mweb1.api.csj.roycdn.com/api/pk10/getawarddata
[2017-05-30 22:27:15.561] [DEBUG] [default] - Api-URL:http://mweb1.api.csj.roycdn.com/api/pk10/getawarddata
[2017-05-30 22:27:17.563] [DEBUG] [default] - Api-URL:http://mweb1.api.csj.roycdn.com/api/pk10/getawarddata
[2017-05-30 22:27:19.567] [DEBUG] [default] - Api-URL:http://mweb1.api.csj.roycdn.com/api/pk10/getawarddata
[2017-05-30 22:27:22.765] [DEBUG] [default] - Api-URL:http://mweb1.api.csj.roycdn.com/api/pk10/getawarddata
[2017-05-30 22:27:23.687] [DEBUG] [default] - Api-URL:http://mweb1.api.csj.roycdn.com/api/pk10/getawarddata
[2017-05-30 22:27:27.096] [DEBUG] [default] - Api-URL:http://mweb1.api.csj.roycdn.com/api/pk10/getawarddata
[2017-05-30 22:27:27.717] [DEBUG] [default] - Api-URL:http://mweb1.api.csj.roycdn.com/api/pk10/getawarddata
[2017-05-30 22:27:31.825] [DEBUG] [default] - Api-URL:http://mweb1.api.csj.roycdn.com/api/pk10/getawarddata
[2017-05-30 22:27:34.680] [DEBUG] [default] - Api-URL:http://mweb1.api.csj.roycdn.com/api/pk10/getawarddata
[2017-05-30 22:27:35.730] [DEBUG] [default] - Api-URL:http://mweb1.api.csj.roycdn.com/api/pk10/getawarddata
[2017-05-30 22:28:02.543] [DEBUG] [default] - Api-URL:http://mweb1.api.csj.roycdn.com/api/pk10/luzhubigorsmall
[2017-05-30 22:28:03.250] [DEBUG] [default] - 设置缓存:pk10_LuZhuBigOrSmall
[2017-05-30 22:28:04.482] [DEBUG] [default] - Api-URL:http://mweb1.api.csj.roycdn.com/api/pk10/getawardtimes
[2017-05-30 22:32:54.584] [DEBUG] [default] - Api-URL:http://mweb1.api.csj.roycdn.com/api/pk10/luzhubigorsmall
[2017-05-30 22:32:55.654] [DEBUG] [default] - 设置缓存:pk10_LuZhuBigOrSmall
[2017-05-30 22:32:57.048] [DEBUG] [default] - Api-URL:http://mweb1.api.csj.roycdn.com/api/pk10/getawardtimes
[2017-05-30 22:37:11.885] [DEBUG] [default] - Api-URL:http://mweb1.api.csj.roycdn.com/api/pk10/getawarddata
[2017-05-30 22:37:13.974] [DEBUG] [default] - Api-URL:http://mweb1.api.csj.roycdn.com/api/pk10/getawarddata
[2017-05-30 22:37:15.528] [DEBUG] [default] - Api-URL:http://mweb1.api.csj.roycdn.com/api/pk10/getawarddata
[2017-05-30 22:37:17.930] [DEBUG] [default] - Api-URL:http://mweb1.api.csj.roycdn.com/api/pk10/getawarddata
[2017-05-30 22:37:19.967] [DEBUG] [default] - Api-URL:http://mweb1.api.csj.roycdn.com/api/pk10/getawarddata
[2017-05-30 22:37:21.963] [DEBUG] [default] - Api-URL:http://mweb1.api.csj.roycdn.com/api/pk10/getawarddata
[2017-05-30 22:37:23.962] [DEBUG] [default] - Api-URL:http://mweb1.api.csj.roycdn.com/api/pk10/getawarddata
[2017-05-30 22:37:25.703] [DEBUG] [default] - Api-URL:http://mweb1.api.csj.roycdn.com/api/pk10/getawarddata
[2017-05-30 22:37:27.997] [DEBUG] [default] - Api-URL:http://mweb1.api.csj.roycdn.com/api/pk10/getawarddata
[2017-05-30 22:37:29.898] [DEBUG] [default] - Api-URL:http://mweb1.api.csj.roycdn.com/api/pk10/getawarddata
[2017-05-30 22:37:32.014] [DEBUG] [default] - Api-URL:http://mweb1.api.csj.roycdn.com/api/pk10/getawarddata
[2017-05-30 22:37:33.970] [DEBUG] [default] - Api-URL:http://mweb1.api.csj.roycdn.com/api/pk10/getawarddata
[2017-05-30 22:37:35.528] [DEBUG] [default] - Api-URL:http://mweb1.api.csj.roycdn.com/api/pk10/getawarddata
[2017-05-30 22:37:37.852] [DEBUG] [default] - Api-URL:http://mweb1.api.csj.roycdn.com/api/pk10/getawarddata
[2017-05-30 22:37:39.840] [DEBUG] [default] - Api-URL:http://mweb1.api.csj.roycdn.com/api/pk10/getawarddata
[2017-05-30 22:37:42.000] [DEBUG] [default] - Api-URL:http://mweb1.api.csj.roycdn.com/api/pk10/getawarddata
[2017-05-30 22:37:43.969] [DEBUG] [default] - Api-URL:http://mweb1.api.csj.roycdn.com/api/pk10/getawarddata
[2017-05-30 22:37:45.973] [DEBUG] [default] - Api-URL:http://mweb1.api.csj.roycdn.com/api/pk10/getawarddata
[2017-05-30 22:37:46.303] [DEBUG] [default] - Api-URL:http://mweb1.api.csj.roycdn.com/api/pk10/getawardtimes
[2017-05-30 22:37:57.008] [DEBUG] [default] - Api-URL:http://mweb1.api.csj.roycdn.com/api/pk10/luzhubigorsmall
[2017-05-30 22:37:57.686] [DEBUG] [default] - 设置缓存:pk10_LuZhuBigOrSmall_Tue May 30 2017 22:32:56 GMT 0800 (CST)
[2017-05-30 22:42:12.020] [DEBUG] [default] - Api-URL:http://mweb1.api.csj.roycdn.com/api/pk10/getawarddata
[2017-05-30 22:42:14.001] [DEBUG] [default] - Api-URL:http://mweb1.api.csj.roycdn.com/api/pk10/getawarddata
[2017-05-30 22:42:16.007] [DEBUG] [default] - Api-URL:http://mweb1.api.csj.roycdn.com/api/pk10/getawarddata
[2017-05-30 22:42:17.675] [DEBUG] [default] - Api-URL:http://mweb1.api.csj.roycdn.com/api/pk10/getawarddata
[2017-05-30 22:42:19.958] [DEBUG] [default] - Api-URL:http://mweb1.api.csj.roycdn.com/api/pk10/getawarddata
[2017-05-30 22:42:21.592] [DEBUG] [default] - Api-URL:http://mweb1.api.csj.roycdn.com/api/pk10/getawarddata
[2017-05-30 22:42:24.004] [DEBUG] [default] - Api-URL:http://mweb1.api.csj.roycdn.com/api/pk10/getawarddata
[2017-05-30 22:42:25.978] [DEBUG] [default] - Api-URL:http://mweb1.api.csj.roycdn.com/api/pk10/getawarddata
[2017-05-30 22:42:27.533] [DEBUG] [default] - Api-URL:http://mweb1.api.csj.roycdn.com/api/pk10/getawarddata
[2017-05-30 22:42:29.626] [DEBUG] [default] - Api-URL:http://mweb1.api.csj.roycdn.com/api/pk10/getawarddata
[2017-05-30 22:42:31.883] [DEBUG] [default] - Api-URL:http://mweb1.api.csj.roycdn.com/api/pk10/getawarddata
[2017-05-30 22:42:33.967] [DEBUG] [default] - Api-URL:http://mweb1.api.csj.roycdn.com/api/pk10/getawarddata
[2017-05-30 22:42:35.969] [DEBUG] [default] - Api-URL:http://mweb1.api.csj.roycdn.com/api/pk10/getawarddata
[2017-05-30 22:42:37.977] [DEBUG] [default] - Api-URL:http://mweb1.api.csj.roycdn.com/api/pk10/getawarddata
[2017-05-30 22:42:39.652] [DEBUG] [default] - Api-URL:http://mweb1.api.csj.roycdn.com/api/pk10/getawarddata
[2017-05-30 22:42:42.007] [DEBUG] [default] - Api-URL:http://mweb1.api.csj.roycdn.com/api/pk10/getawarddata
[2017-05-30 22:42:43.860] [DEBUG] [default] - Api-URL:http://mweb1.api.csj.roycdn.com/api/pk10/getawarddata
[2017-05-30 22:42:45.999] [DEBUG] [default] - Api-URL:http://mweb1.api.csj.roycdn.com/api/pk10/getawarddata
[2017-05-30 22:42:47.667] [DEBUG] [default] - Api-URL:http://mweb1.api.csj.roycdn.com/api/pk10/getawarddata
[2017-05-30 22:42:47.986] [DEBUG] [default] - Api-URL:http://mweb1.api.csj.roycdn.com/api/pk10/getawardtimes
[2017-05-30 22:42:58.844] [DEBUG] [default] - Api-URL:http://mweb1.api.csj.roycdn.com/api/pk10/luzhubigorsmall
[2017-05-30 22:42:59.602] [DEBUG] [default] - 设置缓存:pk10_LuZhuBigOrSmall_Tue May 30 2017 22:32:56 GMT 0800 (CST)
[2017-05-30 22:45:46.589] [DEBUG] [default] - Api-URL:http://mweb1.api.csj.roycdn.com/api/pk10/luzhubigorsmall
[2017-05-30 22:45:47.289] [DEBUG] [default] - 设置缓存:pk10_LuZhuBigOrSmall
[2017-05-30 22:45:48.505] [DEBUG] [default] - Api-URL:http://mweb1.api.csj.roycdn.com/api/pk10/getawardtimes
[2017-05-30 22:47:10.889] [DEBUG] [default] - Api-URL:http://mweb1.api.csj.roycdn.com/api/pk10/getawarddata
[2017-05-30 22:47:12.893] [DEBUG] [default] - Api-URL:http://mweb1.api.csj.roycdn.com/api/pk10/getawarddata
[2017-05-30 22:47:14.893] [DEBUG] [default] - Api-URL:http://mweb1.api.csj.roycdn.com/api/pk10/getawarddata
[2017-05-30 22:47:16.893] [DEBUG] [default] - Api-URL:http://mweb1.api.csj.roycdn.com/api/pk10/getawarddata
[2017-05-30 22:47:18.892] [DEBUG] [default] - Api-URL:http://mweb1.api.csj.roycdn.com/api/pk10/getawarddata
[2017-05-30 22:47:20.892] [DEBUG] [default] - Api-URL:http://mweb1.api.csj.roycdn.com/api/pk10/getawarddata
[2017-05-30 22:47:22.889] [DEBUG] [default] - Api-URL:http://mweb1.api.csj.roycdn.com/api/pk10/getawarddata
[2017-05-30 22:47:24.889] [DEBUG] [default] - Api-URL:http://mweb1.api.csj.roycdn.com/api/pk10/getawarddata
[2017-05-30 22:47:26.889] [DEBUG] [default] - Api-URL:http://mweb1.api.csj.roycdn.com/api/pk10/getawarddata
[2017-05-30 22:47:28.892] [DEBUG] [default] - Api-URL:http://mweb1.api.csj.roycdn.com/api/pk10/getawarddata
[2017-05-30 22:47:30.897] [DEBUG] [default] - Api-URL:http://mweb1.api.csj.roycdn.com/api/pk10/getawarddata
[2017-05-30 22:47:32.916] [DEBUG] [default] - Api-URL:http://mweb1.api.csj.roycdn.com/api/pk10/getawarddata
[2017-05-30 22:47:34.891] [DEBUG] [default] - Api-URL:http://mweb1.api.csj.roycdn.com/api/pk10/getawarddata
[2017-05-30 22:47:36.893] [DEBUG] [default] - Api-URL:http://mweb1.api.csj.roycdn.com/api/pk10/getawarddata
[2017-05-30 22:47:38.893] [DEBUG] [default] - Api-URL:http://mweb1.api.csj.roycdn.com/api/pk10/getawarddata
[2017-05-30 22:47:40.890] [DEBUG] [default] - Api-URL:http://mweb1.api.csj.roycdn.com/api/pk10/getawarddata
[2017-05-30 22:47:42.888] [DEBUG] [default] - Api-URL:http://mweb1.api.csj.roycdn.com/api/pk10/getawarddata
[2017-05-30 22:47:44.891] [DEBUG] [default] - Api-URL:http://mweb1.api.csj.roycdn.com/api/pk10/getawarddata
[2017-05-30 22:47:46.888] [DEBUG] [default] - Api-URL:http://mweb1.api.csj.roycdn.com/api/pk10/getawarddata
[2017-05-30 22:47:48.889] [DEBUG] [default] - Api-URL:http://mweb1.api.csj.roycdn.com/api/pk10/getawarddata
[2017-05-30 22:47:50.891] [DEBUG] [default] - Api-URL:http://mweb1.api.csj.roycdn.com/api/pk10/getawarddata
[2017-05-30 22:47:51.233] [DEBUG] [default] - Api-URL:http://mweb1.api.csj.roycdn.com/api/pk10/getawardtimes
[2017-05-30 22:48:01.241] [DEBUG] [default] - Api-URL:http://mweb1.api.csj.roycdn.com/api/pk10/luzhubigorsmall
[2017-05-30 22:48:01.889] [DEBUG] [default] - 设置缓存:pk10_LuZhuBigOrSmall_Tue May 30 2017 22:45:48 GMT 0800 (CST)
[2017-05-30 22:49:40.333] [DEBUG] [default] - Api-URL:http://mweb1.api.csj.roycdn.com/api/pk10/luzhubigorsmall
[2017-05-30 22:49:41.015] [DEBUG] [default] - 设置缓存:pk10_LuZhuBigOrSmall
[2017-05-30 22:49:42.204] [DEBUG] [default] - Api-URL:http://mweb1.api.csj.roycdn.com/api/pk10/getawardtimes
[2017-05-30 22:52:34.198] [DEBUG] [default] - Api-URL:http://mweb1.api.csj.roycdn.com/api/pk10/luzhubigorsmall
[2017-05-30 22:52:34.909] [DEBUG] [default] - 设置缓存:pk10_LuZhuBigOrSmall
[2017-05-30 22:52:36.020] [DEBUG] [default] - Api-URL:http://mweb1.api.csj.roycdn.com/api/pk10/getawardtimes
[2017-05-30 22:52:38.391] [DEBUG] [default] - Api-URL:http://mweb1.api.csj.roycdn.com/api/pk10/getawarddata
[2017-05-30 22:52:40.392] [DEBUG] [default] - Api-URL:http://mweb1.api.csj.roycdn.com/api/pk10/getawarddata
[2017-05-30 22:52:42.392] [DEBUG] [default] - Api-URL:http://mweb1.api.csj.roycdn.com/api/pk10/getawarddata
[2017-05-30 22:52:44.394] [DEBUG] [default] - Api-URL:http://mweb1.api.csj.roycdn.com/api/pk10/getawarddata
[2017-05-30 22:52:46.422] [DEBUG] [default] - Api-URL:http://mweb1.api.csj.roycdn.com/api/pk10/getawarddata
[2017-05-30 22:52:48.394] [DEBUG] [default] - Api-URL:http://mweb1.api.csj.roycdn.com/api/pk10/getawarddata
[2017-05-30 22:52:50.395] [DEBUG] [default] - Api-URL:http://mweb1.api.csj.roycdn.com/api/pk10/getawarddata
[2017-05-30 22:52:52.393] [DEBUG] [default] - Api-URL:http://mweb1.api.csj.roycdn.com/api/pk10/getawarddata
[2017-05-30 22:52:54.394] [DEBUG] [default] - Api-URL:http://mweb1.api.csj.roycdn.com/api/pk10/getawarddata
[2017-05-30 22:52:54.705] [DEBUG] [default] - Api-URL:http://mweb1.api.csj.roycdn.com/api/pk10/getawardtimes
[2017-05-30 22:53:04.714] [DEBUG] [default] - Api-URL:http://mweb1.api.csj.roycdn.com/api/pk10/luzhubigorsmall
[2017-05-30 22:53:05.355] [DEBUG] [default] - 设置缓存:pk10_LuZhuBigOrSmall_Tue May 30 2017 22:52:35 GMT 0800 (CST)
[2017-05-30 22:55:46.447] [DEBUG] [default] - 缓存过期:pk10_LuZhuBigOrSmall
[2017-05-30 22:55:46.447] [DEBUG] [default] - Api-URL:http://mweb1.api.csj.roycdn.com/api/pk10/luzhubigorsmall
[2017-05-30 22:55:47.074] [DEBUG] [default] - 设置缓存:pk10_LuZhuBigOrSmall
[2017-05-30 22:55:48.053] [DEBUG] [default] - Api-URL:http://mweb1.api.csj.roycdn.com/api/pk10/getawardtimes
[2017-05-30 22:57:10.432] [DEBUG] [default] - Api-URL:http://mweb1.api.csj.roycdn.com/api/pk10/getawarddata
[2017-05-30 22:57:12.408] [DEBUG] [default] - Api-URL:http://mweb1.api.csj.roycdn.com/api/pk10/getawarddata
[2017-05-30 22:57:14.407] [DEBUG] [default] - Api-URL:http://mweb1.api.csj.roycdn.com/api/pk10/getawarddata
[2017-05-30 22:57:16.410] [DEBUG] [default] - Api-URL:http://mweb1.api.csj.roycdn.com/api/pk10/getawarddata
[2017-05-30 22:57:18.410] [DEBUG] [default] - Api-URL:http://mweb1.api.csj.roycdn.com/api/pk10/getawarddata
[2017-05-30 22:57:20.406] [DEBUG] [default] - Api-URL:http://mweb1.api.csj.roycdn.com/api/pk10/getawarddata
[2017-05-30 22:57:22.408] [DEBUG] [default] - Api-URL:http://mweb1.api.csj.roycdn.com/api/pk10/getawarddata
[2017-05-30 22:57:24.406] [DEBUG] [default] - Api-URL:http://mweb1.api.csj.roycdn.com/api/pk10/getawarddata
[2017-05-30 22:57:26.408] [DEBUG] [default] - Api-URL:http://mweb1.api.csj.roycdn.com/api/pk10/getawarddata
[2017-05-30 22:57:28.410] [DEBUG] [default] - Api-URL:http://mweb1.api.csj.roycdn.com/api/pk10/getawarddata
[2017-05-30 22:57:30.407] [DEBUG] [default] - Api-URL:http://mweb1.api.csj.roycdn.com/api/pk10/getawarddata
[2017-05-30 22:57:32.410] [DEBUG] [default] - Api-URL:http://mweb1.api.csj.roycdn.com/api/pk10/getawarddata
[2017-05-30 22:57:34.410] [DEBUG] [default] - Api-URL:http://mweb1.api.csj.roycdn.com/api/pk10/getawarddata
[2017-05-30 22:57:36.410] [DEBUG] [default] - Api-URL:http://mweb1.api.csj.roycdn.com/api/pk10/getawarddata
[2017-05-30 22:57:38.409] [DEBUG] [default] - Api-URL:http://mweb1.api.csj.roycdn.com/api/pk10/getawarddata
[2017-05-30 22:57:40.410] [DEBUG] [default] - Api-URL:http://mweb1.api.csj.roycdn.com/api/pk10/getawarddata
[2017-05-30 22:57:42.409] [DEBUG] [default] - Api-URL:http://mweb1.api.csj.roycdn.com/api/pk10/getawarddata
[2017-05-30 22:57:42.753] [DEBUG] [default] - Api-URL:http://mweb1.api.csj.roycdn.com/api/pk10/getawardtimes
[2017-05-30 22:57:52.760] [DEBUG] [default] - Api-URL:http://mweb1.api.csj.roycdn.com/api/pk10/luzhubigorsmall
[2017-05-30 22:57:53.414] [DEBUG] [default] - 设置缓存:pk10_LuZhuBigOrSmall_Tue May 30 2017 22:55:47 GMT 0800 (CST)
[2017-05-30 23:02:12.420] [DEBUG] [default] - Api-URL:http://mweb1.api.csj.roycdn.com/api/pk10/getawarddata
[2017-05-30 23:02:14.419] [DEBUG] [default] - Api-URL:http://mweb1.api.csj.roycdn.com/api/pk10/getawarddata
[2017-05-30 23:02:16.419] [DEBUG] [default] - Api-URL:http://mweb1.api.csj.roycdn.com/api/pk10/getawarddata
[2017-05-30 23:02:18.419] [DEBUG] [default] - Api-URL:http://mweb1.api.csj.roycdn.com/api/pk10/getawarddata
[2017-05-30 23:02:20.420] [DEBUG] [default] - Api-URL:http://mweb1.api.csj.roycdn.com/api/pk10/getawarddata
[2017-05-30 23:02:22.420] [DEBUG] [default] - Api-URL:http://mweb1.api.csj.roycdn.com/api/pk10/getawarddata
[2017-05-30 23:02:24.411] [DEBUG] [default] - Api-URL:http://mweb1.api.csj.roycdn.com/api/pk10/getawarddata
[2017-05-30 23:02:26.416] [DEBUG] [default] - Api-URL:http://mweb1.api.csj.roycdn.com/api/pk10/getawarddata
[2017-05-30 23:02:28.415] [DEBUG] [default] - Api-URL:http://mweb1.api.csj.roycdn.com/api/pk10/getawarddata
[2017-05-30 23:02:30.412] [DEBUG] [default] - Api-URL:http://mweb1.api.csj.roycdn.com/api/pk10/getawarddata
[2017-05-30 23:02:32.420] [DEBUG] [default] - Api-URL:http://mweb1.api.csj.roycdn.com/api/pk10/getawarddata
[2017-05-30 23:02:34.419] [DEBUG] [default] - Api-URL:http://mweb1.api.csj.roycdn.com/api/pk10/getawarddata
[2017-05-30 23:02:36.419] [DEBUG] [default] - Api-URL:http://mweb1.api.csj.roycdn.com/api/pk10/getawarddata
[2017-05-30 23:02:38.420] [DEBUG] [default] - Api-URL:http://mweb1.api.csj.roycdn.com/api/pk10/getawarddata
[2017-05-30 23:02:40.418] [DEBUG] [default] - Api-URL:http://mweb1.api.csj.roycdn.com/api/pk10/getawarddata
[2017-05-30 23:02:42.420] [DEBUG] [default] - Api-URL:http://mweb1.api.csj.roycdn.com/api/pk10/getawarddata
[2017-05-30 23:02:44.417] [DEBUG] [default] - Api-URL:http://mweb1.api.csj.roycdn.com/api/pk10/getawarddata
[2017-05-30 23:02:46.418] [DEBUG] [default] - Api-URL:http://mweb1.api.csj.roycdn.com/api/pk10/getawarddata
[2017-05-30 23:02:48.417] [DEBUG] [default] - Api-URL:http://mweb1.api.csj.roycdn.com/api/pk10/getawarddata
[2017-05-30 23:02:50.419] [DEBUG] [default] - Api-URL:http://mweb1.api.csj.roycdn.com/api/pk10/getawarddata
[2017-05-30 23:02:50.759] [DEBUG] [default] - Api-URL:http://mweb1.api.csj.roycdn.com/api/pk10/getawardtimes
[2017-05-30 23:03:00.761] [DEBUG] [default] - 缓存过期:pk10_LuZhuBigOrSmall_Tue May 30 2017 22:55:47 GMT 0800 (CST)
[2017-05-30 23:03:00.761] [DEBUG] [default] - Api-URL:http://mweb1.api.csj.roycdn.com/api/pk10/luzhubigorsmall
[2017-05-30 23:03:01.460] [DEBUG] [default] - 设置缓存:pk10_LuZhuBigOrSmall_Tue May 30 2017 22:55:47 GMT 0800 (CST)
[2017-05-30 23:06:28.714] [DEBUG] [default] - 缓存过期:pk10_LuZhuBigOrSmall
[2017-05-30 23:06:28.714] [DEBUG] [default] - Api-URL:http://mweb1.api.csj.roycdn.com/api/pk10/luzhubigorsmall
[2017-05-30 23:06:29.448] [DEBUG] [default] - 设置缓存:pk10_LuZhuBigOrSmall
[2017-05-30 23:06:30.432] [DEBUG] [default] - Api-URL:http://mweb1.api.csj.roycdn.com/api/pk10/getawardtimes
[2017-05-30 23:07:28.037] [DEBUG] [default] - Api-URL:http://mweb1.api.csj.roycdn.com/api/pk10/getawarddata
[2017-05-30 23:07:29.561] [DEBUG] [default] - Api-URL:http://mweb1.api.csj.roycdn.com/api/pk10/getawarddata
[2017-05-30 23:07:30.786] [DEBUG] [default] - Api-URL:http://mweb1.api.csj.roycdn.com/api/pk10/getawarddata
[2017-05-30 23:07:32.880] [DEBUG] [default] - Api-URL:http://mweb1.api.csj.roycdn.com/api/pk10/getawarddata
[2017-05-30 23:07:34.969] [DEBUG] [default] - Api-URL:http://mweb1.api.csj.roycdn.com/api/pk10/getawarddata
[2017-05-30 23:07:36.994] [DEBUG] [default] - Api-URL:http://mweb1.api.csj.roycdn.com/api/pk10/getawarddata
[2017-05-30 23:07:39.003] [DEBUG] [default] - Api-URL:http://mweb1.api.csj.roycdn.com/api/pk10/getawarddata
[2017-05-30 23:07:41.689] [DEBUG] [default] - Api-URL:http://mweb1.api.csj.roycdn.com/api/pk10/getawarddata
[2017-05-30 23:07:43.025] [DEBUG] [default] - Api-URL:http://mweb1.api.csj.roycdn.com/api/pk10/getawarddata
[2017-05-30 23:07:45.561] [DEBUG] [default] - Api-URL:http://mweb1.api.csj.roycdn.com/api/pk10/getawarddata
[2017-05-30 23:07:46.888] [DEBUG] [default] - Api-URL:http://mweb1.api.csj.roycdn.com/api/pk10/getawarddata
[2017-05-30 23:07:50.389] [DEBUG] [default] - Api-URL:http://mweb1.api.csj.roycdn.com/api/pk10/getawarddata
[2017-05-30 23:07:52.019] [DEBUG] [default] - Api-URL:http://mweb1.api.csj.roycdn.com/api/pk10/getawarddata
[2017-05-30 23:07:52.330] [DEBUG] [default] - Api-URL:http://mweb1.api.csj.roycdn.com/api/pk10/getawardtimes
[2017-05-30 23:08:02.837] [DEBUG] [default] - Api-URL:http://mweb1.api.csj.roycdn.com/api/pk10/luzhubigorsmall
[2017-05-30 23:08:03.508] [DEBUG] [default] - 设置缓存:pk10_LuZhuBigOrSmall_Tue May 30 2017 23:06:30 GMT 0800 (CST)
[2017-05-30 23:08:32.483] [DEBUG] [default] - Api-URL:http://mweb1.api.csj.roycdn.com/api/pk10/luzhubigorsmall
[2017-05-30 23:08:33.191] [DEBUG] [default] - 设置缓存:pk10_LuZhuBigOrSmall
[2017-05-30 23:08:33.714] [DEBUG] [default] - 命中cache-pk10_LuZhuBigOrSmall
[2017-05-30 23:08:34.890] [DEBUG] [default] - Api-URL:http://mweb1.api.csj.roycdn.com/api/pk10/getawardtimes
[2017-05-30 23:09:23.339] [DEBUG] [default] - Api-URL:http://mweb1.api.csj.roycdn.com/api/pk10/luzhubigorsmall
[2017-05-30 23:09:23.991] [DEBUG] [default] - 设置缓存:pk10_LuZhuBigOrSmall
[2017-05-30 23:09:25.216] [DEBUG] [default] - Api-URL:http://mweb1.api.csj.roycdn.com/api/pk10/getawardtimes
[2017-05-30 23:12:41.738] [DEBUG] [default] - Api-URL:http://mweb1.api.csj.roycdn.com/api/pk10/getawarddata
[2017-05-30 23:12:44.566] [DEBUG] [default] - Api-URL:http://mweb1.api.csj.roycdn.com/api/pk10/getawarddata
[2017-05-30 23:12:47.064] [DEBUG] [default] - Api-URL:http://mweb1.api.csj.roycdn.com/api/pk10/getawarddata
[2017-05-30 23:12:47.884] [DEBUG] [default] - Api-URL:http://mweb1.api.csj.roycdn.com/api/pk10/getawarddata
[2017-05-30 23:12:51.031] [DEBUG] [default] - Api-URL:http://mweb1.api.csj.roycdn.com/api/pk10/getawarddata
[2017-05-30 23:12:51.372] [DEBUG] [default] - Api-URL:http://mweb1.api.csj.roycdn.com/api/pk10/getawardtimes
[2017-05-30 23:12:51.652] [DEBUG] [default] - Api-URL:http://mweb1.api.csj.roycdn.com/api/pk10/getawarddata
[2017-05-30 23:13:01.659] [DEBUG] [default] - Api-URL:http://mweb1.api.csj.roycdn.com/api/pk10/luzhubigorsmall
[2017-05-30 23:13:02.377] [DEBUG] [default] - 设置缓存:pk10_LuZhuBigOrSmall_Tue May 30 2017 23:09:25 GMT 0800 (CST)
[2017-05-30 23:15:59.924] [DEBUG] [default] - Api-URL:http://mweb1.api.csj.roycdn.com/api/pk10/luzhubigorsmall
[2017-05-30 23:16:00.622] [DEBUG] [default] - 设置缓存:pk10_LuZhuBigOrSmall
[2017-05-30 23:16:01.913] [DEBUG] [default] - Api-URL:http://mweb1.api.csj.roycdn.com/api/pk10/getawardtimes
[2017-05-30 23:17:10.902] [DEBUG] [default] - Api-URL:http://mweb1.api.csj.roycdn.com/api/pk10/getawarddata
[2017-05-30 23:17:12.899] [DEBUG] [default] - Api-URL:http://mweb1.api.csj.roycdn.com/api/pk10/getawarddata
[2017-05-30 23:17:15.069] [DEBUG] [default] - Api-URL:http://mweb1.api.csj.roycdn.com/api/pk10/getawarddata
[2017-05-30 23:17:16.939] [DEBUG] [default] - Api-URL:http://mweb1.api.csj.roycdn.com/api/pk10/getawarddata
[2017-05-30 23:17:19.030] [DEBUG] [default] - Api-URL:http://mweb1.api.csj.roycdn.com/api/pk10/getawarddata
[2017-05-30 23:17:21.017] [DEBUG] [default] - Api-URL:http://mweb1.api.csj.roycdn.com/api/pk10/getawarddata
[2017-05-30 23:17:23.033] [DEBUG] [default] - Api-URL:http://mweb1.api.csj.roycdn.com/api/pk10/getawarddata
[2017-05-30 23:17:25.027] [DEBUG] [default] - Api-URL:http://mweb1.api.csj.roycdn.com/api/pk10/getawarddata
[2017-05-30 23:17:26.869] [DEBUG] [default] - Api-URL:http://mweb1.api.csj.roycdn.com/api/pk10/getawarddata
[2017-05-30 23:17:28.969] [DEBUG] [default] - Api-URL:http://mweb1.api.csj.roycdn.com/api/pk10/getawarddata
[2017-05-30 23:17:30.892] [DEBUG] [default] - Api-URL:http://mweb1.api.csj.roycdn.com/api/pk10/getawarddata
[2017-05-30 23:17:33.009] [DEBUG] [default] - Api-URL:http://mweb1.api.csj.roycdn.com/api/pk10/getawarddata
[2017-05-30 23:17:35.012] [DEBUG] [default] - Api-URL:http://mweb1.api.csj.roycdn.com/api/pk10/getawarddata
[2017-05-30 23:17:37.054] [DEBUG] [default] - Api-URL:http://mweb1.api.csj.roycdn.com/api/pk10/getawarddata
[2017-05-30 23:17:39.021] [DEBUG] [default] - Api-URL:http://mweb1.api.csj.roycdn.com/api/pk10/getawarddata
[2017-05-30 23:17:41.067] [DEBUG] [default] - Api-URL:http://mweb1.api.csj.roycdn.com/api/pk10/getawarddata
[2017-05-30 23:17:43.032] [DEBUG] [default] - Api-URL:http://mweb1.api.csj.roycdn.com/api/pk10/getawarddata
[2017-05-30 23:17:44.570] [DEBUG] [default] - Api-URL:http://mweb1.api.csj.roycdn.com/api/pk10/getawarddata
[2017-05-30 23:17:46.841] [DEBUG] [default] - Api-URL:http://mweb1.api.csj.roycdn.com/api/pk10/getawarddata
[2017-05-30 23:17:48.888] [DEBUG] [default] - Api-URL:http://mweb1.api.csj.roycdn.com/api/pk10/getawarddata
[2017-05-30 23:17:49.217] [DEBUG] [default] - Api-URL:http://mweb1.api.csj.roycdn.com/api/pk10/getawardtimes
[2017-05-30 23:17:59.900] [DEBUG] [default] - Api-URL:http://mweb1.api.csj.roycdn.com/api/pk10/luzhubigorsmall
[2017-05-30 23:18:00.549] [DEBUG] [default] - 设置缓存:pk10_LuZhuBigOrSmall_Tue May 30 2017 23:16:01 GMT 0800 (CST)
[2017-05-30 23:19:51.630] [DEBUG] [default] - Api-URL:http://mweb1.api.csj.roycdn.com/api/pk10/luzhubigorsmall
[2017-05-30 23:19:52.341] [DEBUG] [default] - 设置缓存:pk10_LuZhuBigOrSmall
[2017-05-30 23:19:53.345] [DEBUG] [default] - Api-URL:http://mweb1.api.csj.roycdn.com/api/pk10/getawardtimes
[2017-05-30 23:20:49.640] [DEBUG] [default] - Api-URL:http://mweb1.api.csj.roycdn.com/api/pk10/luzhubigorsmall
[2017-05-30 23:20:50.317] [DEBUG] [default] - 设置缓存:pk10_LuZhuBigOrSmall
[2017-05-30 23:20:51.423] [DEBUG] [default] - Api-URL:http://mweb1.api.csj.roycdn.com/api/pk10/getawardtimes
[2017-05-30 23:22:11.786] [DEBUG] [default] - Api-URL:http://mweb1.api.csj.roycdn.com/api/pk10/getawarddata
[2017-05-30 23:22:13.786] [DEBUG] [default] - Api-URL:http://mweb1.api.csj.roycdn.com/api/pk10/getawarddata
[2017-05-30 23:22:15.783] [DEBUG] [default] - Api-URL:http://mweb1.api.csj.roycdn.com/api/pk10/getawarddata
[2017-05-30 23:22:17.784] [DEBUG] [default] - Api-URL:http://mweb1.api.csj.roycdn.com/api/pk10/getawarddata
[2017-05-30 23:22:19.789] [DEBUG] [default] - Api-URL:http://mweb1.api.csj.roycdn.com/api/pk10/getawarddata
[2017-05-30 23:22:21.784] [DEBUG] [default] - Api-URL:http://mweb1.api.csj.roycdn.com/api/pk10/getawarddata
[2017-05-30 23:22:23.788] [DEBUG] [default] - Api-URL:http://mweb1.api.csj.roycdn.com/api/pk10/getawarddata
[2017-05-30 23:22:25.786] [DEBUG] [default] - Api-URL:http://mweb1.api.csj.roycdn.com/api/pk10/getawarddata
[2017-05-30 23:22:27.789] [DEBUG] [default] - Api-URL:http://mweb1.api.csj.roycdn.com/api/pk10/getawarddata
[2017-05-30 23:23:02.492] [DEBUG] [default] - Api-URL:http://mweb1.api.csj.roycdn.com/api/pk10/luzhubigorsmall
[2017-05-30 23:23:03.176] [DEBUG] [default] - 设置缓存:pk10_LuZhuBigOrSmall
[2017-05-30 23:23:04.356] [DEBUG] [default] - Api-URL:http://mweb1.api.csj.roycdn.com/api/pk10/getawardtimes
[2017-05-30 23:23:35.567] [DEBUG] [default] - Api-URL:http://mweb1.api.csj.roycdn.com/api/pk10/luzhubigorsmall
[2017-05-30 23:23:36.220] [DEBUG] [default] - 设置缓存:pk10_LuZhuBigOrSmall
[2017-05-30 23:23:37.404] [DEBUG] [default] - Api-URL:http://mweb1.api.csj.roycdn.com/api/pk10/getawardtimes
[2017-05-30 23:25:34.767] [DEBUG] [default] - 缓存过期:pk10_LuZhuBigOrSmall
[2017-05-30 23:25:34.768] [DEBUG] [default] - Api-URL:http://mweb1.api.csj.roycdn.com/api/pk10/luzhubigorsmall
[2017-05-30 23:25:35.420] [DEBUG] [default] - 设置缓存:pk10_LuZhuBigOrSmall
[2017-05-30 23:25:36.171] [DEBUG] [default] - Api-URL:http://mweb1.api.csj.roycdn.com/api/pk10/getawardtimes
[2017-05-30 23:27:09.117] [DEBUG] [default] - Api-URL:http://mweb1.api.csj.roycdn.com/api/pk10/luzhubigorsmall
[2017-05-30 23:27:09.828] [DEBUG] [default] - 设置缓存:pk10_LuZhuBigOrSmall
[2017-05-30 23:27:10.900] [DEBUG] [default] - Api-URL:http://mweb1.api.csj.roycdn.com/api/pk10/getawardtimes
[2017-05-30 23:27:13.256] [DEBUG] [default] - Api-URL:http://mweb1.api.csj.roycdn.com/api/pk10/getawarddata
[2017-05-30 23:27:15.257] [DEBUG] [default] - Api-URL:http://mweb1.api.csj.roycdn.com/api/pk10/getawarddata
[2017-05-30 23:27:17.255] [DEBUG] [default] - Api-URL:http://mweb1.api.csj.roycdn.com/api/pk10/getawarddata
[2017-05-30 23:27:19.257] [DEBUG] [default] - Api-URL:http://mweb1.api.csj.roycdn.com/api/pk10/getawarddata
[2017-05-30 23:27:21.255] [DEBUG] [default] - Api-URL:http://mweb1.api.csj.roycdn.com/api/pk10/getawarddata
[2017-05-30 23:27:23.253] [DEBUG] [default] - Api-URL:http://mweb1.api.csj.roycdn.com/api/pk10/getawarddata
[2017-05-30 23:27:25.254] [DEBUG] [default] - Api-URL:http://mweb1.api.csj.roycdn.com/api/pk10/getawarddata
[2017-05-30 23:27:27.255] [DEBUG] [default] - Api-URL:http://mweb1.api.csj.roycdn.com/api/pk10/getawarddata
[2017-05-30 23:27:29.254] [DEBUG] [default] - Api-URL:http://mweb1.api.csj.roycdn.com/api/pk10/getawarddata
[2017-05-30 23:27:31.254] [DEBUG] [default] - Api-URL:http://mweb1.api.csj.roycdn.com/api/pk10/getawarddata
[2017-05-30 23:27:33.254] [DEBUG] [default] - Api-URL:http://mweb1.api.csj.roycdn.com/api/pk10/getawarddata
[2017-05-30 23:27:35.256] [DEBUG] [default] - Api-URL:http://mweb1.api.csj.roycdn.com/api/pk10/getawarddata
[2017-05-30 23:27:37.254] [DEBUG] [default] - Api-URL:http://mweb1.api.csj.roycdn.com/api/pk10/getawarddata
[2017-05-30 23:27:39.256] [DEBUG] [default] - Api-URL:http://mweb1.api.csj.roycdn.com/api/pk10/getawarddata
[2017-05-30 23:27:41.253] [DEBUG] [default] - Api-URL:http://mweb1.api.csj.roycdn.com/api/pk10/getawarddata
[2017-05-30 23:27:43.254] [DEBUG] [default] - Api-URL:http://mweb1.api.csj.roycdn.com/api/pk10/getawarddata
[2017-05-30 23:27:45.253] [DEBUG] [default] - Api-URL:http://mweb1.api.csj.roycdn.com/api/pk10/getawarddata
[2017-05-30 23:27:47.258] [DEBUG] [default] - Api-URL:http://mweb1.api.csj.roycdn.com/api/pk10/getawarddata
[2017-05-30 23:27:49.257] [DEBUG] [default] - Api-URL:http://mweb1.api.csj.roycdn.com/api/pk10/getawarddata
[2017-05-30 23:27:51.255] [DEBUG] [default] - Api-URL:http://mweb1.api.csj.roycdn.com/api/pk10/getawarddata
[2017-05-30 23:27:53.254] [DEBUG] [default] - Api-URL:http://mweb1.api.csj.roycdn.com/api/pk10/getawarddata
[2017-05-30 23:27:55.256] [DEBUG] [default] - Api-URL:http://mweb1.api.csj.roycdn.com/api/pk10/getawarddata
[2017-05-30 23:27:57.253] [DEBUG] [default] - Api-URL:http://mweb1.api.csj.roycdn.com/api/pk10/getawarddata
[2017-05-30 23:27:59.257] [DEBUG] [default] - Api-URL:http://mweb1.api.csj.roycdn.com/api/pk10/getawarddata
[2017-05-30 23:28:01.252] [DEBUG] [default] - Api-URL:http://mweb1.api.csj.roycdn.com/api/pk10/getawarddata
[2017-05-30 23:28:03.259] [DEBUG] [default] - Api-URL:http://mweb1.api.csj.roycdn.com/api/pk10/getawarddata
[2017-05-30 23:28:05.257] [DEBUG] [default] - Api-URL:http://mweb1.api.csj.roycdn.com/api/pk10/getawarddata
[2017-05-30 23:28:05.590] [DEBUG] [default] - Api-URL:http://mweb1.api.csj.roycdn.com/api/pk10/getawardtimes
[2017-05-30 23:28:28.355] [DEBUG] [default] - Api-URL:http://mweb1.api.csj.roycdn.com/api/pk10/luzhubigorsmall
[2017-05-30 23:28:28.584] [DEBUG] [default] - Api-URL:http://mweb1.api.csj.roycdn.com/api/pk10/luzhubigorsmall
[2017-05-30 23:28:29.063] [DEBUG] [default] - 设置缓存:pk10_LuZhuBigOrSmall
[2017-05-30 23:28:29.264] [DEBUG] [default] - 设置缓存:pk10_LuZhuBigOrSmall
[2017-05-30 23:28:30.387] [DEBUG] [default] - Api-URL:http://mweb1.api.csj.roycdn.com/api/pk10/getawardtimes
[2017-05-30 23:28:31.604] [DEBUG] [default] - Api-URL:http://mweb1.api.csj.roycdn.com/api/pk10/luzhuguanyahe
[2017-05-30 23:28:31.928] [DEBUG] [default] - 设置缓存:pk10_luZhuGuanyahe
[2017-05-30 23:28:32.356] [DEBUG] [default] - Api-URL:http://mweb1.api.csj.roycdn.com/api/pk10/getawardtimes
[2017-05-30 23:28:33.368] [DEBUG] [default] - 缓存过期:pk10_LuZhuBigOrSmall
[2017-05-30 23:28:33.369] [DEBUG] [default] - Api-URL:http://mweb1.api.csj.roycdn.com/api/pk10/luzhubigorsmall
[2017-05-30 23:28:34.014] [DEBUG] [default] - 设置缓存:pk10_LuZhuBigOrSmall
[2017-05-30 23:28:34.720] [DEBUG] [default] - Api-URL:http://mweb1.api.csj.roycdn.com/api/pk10/getawardtimes
[2017-05-30 23:28:50.779] [DEBUG] [default] - 缓存过期:pk10_luZhuGuanyahe
[2017-05-30 23:28:50.779] [DEBUG] [default] - Api-URL:http://mweb1.api.csj.roycdn.com/api/pk10/luzhuguanyahe
[2017-05-30 23:28:51.084] [DEBUG] [default] - 设置缓存:pk10_luZhuGuanyahe
[2017-05-30 23:28:51.532] [DEBUG] [default] - Api-URL:http://mweb1.api.csj.roycdn.com/api/pk10/getawardtimes
[2017-05-30 23:28:55.089] [DEBUG] [default] - Api-URL:http://mweb1.api.csj.roycdn.com/api/pk10/opencodeanalysis
[2017-05-30 23:28:55.617] [DEBUG] [default] - 设置缓存:pk10_openCodeAnalysis
[2017-05-30 23:28:56.072] [DEBUG] [default] - Api-URL:http://mweb1.api.csj.roycdn.com/api/pk10/getawardtimes
[2017-05-30 23:29:06.210] [DEBUG] [default] - Api-URL:http://mweb1.api.csj.roycdn.com/api/pk10/betgame
[2017-05-30 23:29:07.184] [DEBUG] [default] - 设置缓存:pk10_betGame
[2017-05-30 23:29:07.745] [DEBUG] [default] - Api-URL:http://mweb1.api.csj.roycdn.com/api/pk10/getawardtimes
[2017-05-30 23:29:09.346] [DEBUG] [default] - Api-URL:http://mweb1.api.csj.roycdn.com/api/pk10/killnumber
[2017-05-30 23:29:09.998] [DEBUG] [default] - 设置缓存:pk10_killNumber_20_1
[2017-05-30 23:29:10.549] [DEBUG] [default] - Api-URL:http://mweb1.api.csj.roycdn.com/api/pk10/getawardtimes
[2017-05-30 23:32:03.026] [DEBUG] [default] - 缓存过期:pk10_openCodeAnalysis
[2017-05-30 23:32:03.026] [DEBUG] [default] - Api-URL:http://mweb1.api.csj.roycdn.com/api/pk10/opencodeanalysis
[2017-05-30 23:32:03.523] [DEBUG] [default] - 设置缓存:pk10_openCodeAnalysis
[2017-05-30 23:32:04.121] [DEBUG] [default] - Api-URL:http://mweb1.api.csj.roycdn.com/api/pk10/getawardtimes
[2017-05-30 23:32:10.474] [DEBUG] [default] - Api-URL:http://mweb1.api.csj.roycdn.com/api/pk10/getawarddata
[2017-05-30 23:32:12.469] [DEBUG] [default] - Api-URL:http://mweb1.api.csj.roycdn.com/api/pk10/getawarddata
[2017-05-30 23:32:14.473] [DEBUG] [default] - Api-URL:http://mweb1.api.csj.roycdn.com/api/pk10/getawarddata
[2017-05-30 23:32:16.473] [DEBUG] [default] - Api-URL:http://mweb1.api.csj.roycdn.com/api/pk10/getawarddata
[2017-05-30 23:32:18.471] [DEBUG] [default] - Api-URL:http://mweb1.api.csj.roycdn.com/api/pk10/getawarddata
[2017-05-30 23:32:20.476] [DEBUG] [default] - Api-URL:http://mweb1.api.csj.roycdn.com/api/pk10/getawarddata
[2017-05-30 23:32:22.473] [DEBUG] [default] - Api-URL:http://mweb1.api.csj.roycdn.com/api/pk10/getawarddata
[2017-05-30 23:32:24.472] [DEBUG] [default] - Api-URL:http://mweb1.api.csj.roycdn.com/api/pk10/getawarddata
[2017-05-30 23:32:26.472] [DEBUG] [default] - Api-URL:http://mweb1.api.csj.roycdn.com/api/pk10/getawarddata
[2017-05-30 23:32:28.469] [DEBUG] [default] - Api-URL:http://mweb1.api.csj.roycdn.com/api/pk10/getawarddata
[2017-05-30 23:32:30.472] [DEBUG] [default] - Api-URL:http://mweb1.api.csj.roycdn.com/api/pk10/getawarddata
[2017-05-30 23:32:32.470] [DEBUG] [default] - Api-URL:http://mweb1.api.csj.roycdn.com/api/pk10/getawarddata
[2017-05-30 23:32:34.473] [DEBUG] [default] - Api-URL:http://mweb1.api.csj.roycdn.com/api/pk10/getawarddata
[2017-05-30 23:32:36.472] [DEBUG] [default] - Api-URL:http://mweb1.api.csj.roycdn.com/api/pk10/getawarddata
[2017-05-30 23:32:38.474] [DEBUG] [default] - Api-URL:http://mweb1.api.csj.roycdn.com/api/pk10/getawarddata
[2017-05-30 23:32:40.468] [DEBUG] [default] - Api-URL:http://mweb1.api.csj.roycdn.com/api/pk10/getawarddata
[2017-05-30 23:32:42.469] [DEBUG] [default] - Api-URL:http://mweb1.api.csj.roycdn.com/api/pk10/getawarddata
[2017-05-30 23:32:44.473] [DEBUG] [default] - Api-URL:http://mweb1.api.csj.roycdn.com/api/pk10/getawarddata
[2017-05-30 23:32:44.822] [DEBUG] [default] - Api-URL:http://mweb1.api.csj.roycdn.com/api/pk10/getawardtimes
[2017-05-30 23:32:54.823] [DEBUG] [default] - 缓存过期:pk10_openCodeAnalysis
[2017-05-30 23:32:54.824] [DEBUG] [default] - Api-URL:http://mweb1.api.csj.roycdn.com/api/pk10/opencodeanalysis
[2017-05-30 23:32:55.360] [DEBUG] [default] - 设置缓存:pk10_openCodeAnalysis
[2017-05-30 23:34:03.600] [DEBUG] [default] - Api-URL:http://mweb1.api.csj.roycdn.com/api/pk10/opencodeanalysis
[2017-05-30 23:34:04.148] [DEBUG] [default] - 设置缓存:pk10_openCodeAnalysis
[2017-05-30 23:34:05.053] [DEBUG] [default] - Api-URL:http://mweb1.api.csj.roycdn.com/api/pk10/getawardtimes
[2017-05-30 23:34:44.821] [DEBUG] [default] - Api-URL:http://mweb1.api.csj.roycdn.com/api/pk10/opencodeanalysis
[2017-05-30 23:34:45.363] [DEBUG] [default] - 设置缓存:pk10_openCodeAnalysis
[2017-05-30 23:35:04.033] [DEBUG] [default] - 缓存过期:pk10_openCodeAnalysis
[2017-05-30 23:35:04.033] [DEBUG] [default] - Api-URL:http://mweb1.api.csj.roycdn.com/api/pk10/opencodeanalysis
[2017-05-30 23:35:04.545] [DEBUG] [default] - 设置缓存:pk10_openCodeAnalysis
[2017-05-30 23:35:45.181] [DEBUG] [default] - 缓存过期:pk10_openCodeAnalysis
[2017-05-30 23:35:45.182] [DEBUG] [default] - Api-URL:http://mweb1.api.csj.roycdn.com/api/pk10/opencodeanalysis
[2017-05-30 23:35:45.683] [DEBUG] [default] - 设置缓存:pk10_openCodeAnalysis
[2017-05-30 23:36:30.054] [DEBUG] [default] - Api-URL:http://mweb1.api.csj.roycdn.com/api/pk10/opencodeanalysis
[2017-05-30 23:36:30.548] [DEBUG] [default] - 设置缓存:pk10_openCodeAnalysis
[2017-05-30 23:36:31.400] [DEBUG] [default] - Api-URL:http://mweb1.api.csj.roycdn.com/api/pk10/getawardtimes
[2017-05-30 23:36:44.230] [DEBUG] [default] - Api-URL:http://mweb1.api.csj.roycdn.com/api/pk10/luzhubigorsmall
[2017-05-30 23:36:44.927] [DEBUG] [default] - 设置缓存:pk10_LuZhuBigOrSmall
[2017-05-30 23:36:45.728] [DEBUG] [default] - Api-URL:http://mweb1.api.csj.roycdn.com/api/pk10/getawardtimes
[2017-05-30 23:37:12.074] [DEBUG] [default] - Api-URL:http://mweb1.api.csj.roycdn.com/api/pk10/getawarddata
[2017-05-30 23:37:14.078] [DEBUG] [default] - Api-URL:http://mweb1.api.csj.roycdn.com/api/pk10/getawarddata
[2017-05-30 23:37:16.091] [DEBUG] [default] - Api-URL:http://mweb1.api.csj.roycdn.com/api/pk10/getawarddata
[2017-05-30 23:37:18.075] [DEBUG] [default] - Api-URL:http://mweb1.api.csj.roycdn.com/api/pk10/getawarddata
[2017-05-30 23:37:20.079] [DEBUG] [default] - Api-URL:http://mweb1.api.csj.roycdn.com/api/pk10/getawarddata
[2017-05-30 23:37:22.075] [DEBUG] [default] - Api-URL:http://mweb1.api.csj.roycdn.com/api/pk10/getawarddata
[2017-05-30 23:37:24.076] [DEBUG] [default] - Api-URL:http://mweb1.api.csj.roycdn.com/api/pk10/getawarddata
[2017-05-30 23:37:26.076] [DEBUG] [default] - Api-URL:http://mweb1.api.csj.roycdn.com/api/pk10/getawarddata
[2017-05-30 23:37:28.077] [DEBUG] [default] - Api-URL:http://mweb1.api.csj.roycdn.com/api/pk10/getawarddata
[2017-05-30 23:37:30.080] [DEBUG] [default] - Api-URL:http://mweb1.api.csj.roycdn.com/api/pk10/getawarddata
[2017-05-30 23:37:32.076] [DEBUG] [default] - Api-URL:http://mweb1.api.csj.roycdn.com/api/pk10/getawarddata
[2017-05-30 23:37:34.078] [DEBUG] [default] - Api-URL:http://mweb1.api.csj.roycdn.com/api/pk10/getawarddata
[2017-05-30 23:37:36.078] [DEBUG] [default] - Api-URL:http://mweb1.api.csj.roycdn.com/api/pk10/getawarddata
[2017-05-30 23:37:38.073] [DEBUG] [default] - Api-URL:http://mweb1.api.csj.roycdn.com/api/pk10/getawarddata
[2017-05-30 23:37:40.078] [DEBUG] [default] - Api-URL:http://mweb1.api.csj.roycdn.com/api/pk10/getawarddata
[2017-05-30 23:37:42.078] [DEBUG] [default] - Api-URL:http://mweb1.api.csj.roycdn.com/api/pk10/getawarddata
[2017-05-30 23:37:44.078] [DEBUG] [default] - Api-URL:http://mweb1.api.csj.roycdn.com/api/pk10/getawarddata
[2017-05-30 23:37:46.074] [DEBUG] [default] - Api-URL:http://mweb1.api.csj.roycdn.com/api/pk10/getawarddata
[2017-05-30 23:37:46.465] [DEBUG] [default] - Api-URL:http://mweb1.api.csj.roycdn.com/api/pk10/getawardtimes
[2017-05-30 23:37:56.469] [DEBUG] [default] - Api-URL:http://mweb1.api.csj.roycdn.com/api/pk10/luzhubigorsmall
[2017-05-30 23:37:57.176] [DEBUG] [default] - 设置缓存:pk10_LuZhuBigOrSmall_Tue May 30 2017 23:36:45 GMT 0800 (CST)
[2017-05-30 23:39:06.983] [DEBUG] [default] - Api-URL:http://mweb1.api.csj.roycdn.com/api/pk10/history
[2017-05-30 23:39:07.947] [DEBUG] [default] - 设置缓存:pk10_history
[2017-05-30 23:39:09.079] [DEBUG] [default] - Api-URL:http://mweb1.api.csj.roycdn.com/api/pk10/getawardtimes
[2017-05-30 23:39:09.249] [DEBUG] [default] - 缓存过期:pk10_LuZhuBigOrSmall
[2017-05-30 23:39:09.249] [DEBUG] [default] - Api-URL:http://mweb1.api.csj.roycdn.com/api/pk10/luzhubigorsmall
[2017-05-30 23:39:09.923] [DEBUG] [default] - 设置缓存:pk10_LuZhuBigOrSmall
[2017-05-30 23:39:10.812] [DEBUG] [default] - Api-URL:http://mweb1.api.csj.roycdn.com/api/pk10/getawardtimes
[2017-05-30 23:42:11.160] [DEBUG] [default] - Api-URL:http://mweb1.api.csj.roycdn.com/api/pk10/getawarddata
[2017-05-30 23:42:13.159] [DEBUG] [default] - Api-URL:http://mweb1.api.csj.roycdn.com/api/pk10/getawarddata
[2017-05-30 23:42:15.160] [DEBUG] [default] - Api-URL:http://mweb1.api.csj.roycdn.com/api/pk10/getawarddata
[2017-05-30 23:42:17.158] [DEBUG] [default] - Api-URL:http://mweb1.api.csj.roycdn.com/api/pk10/getawarddata
[2017-05-30 23:42:19.159] [DEBUG] [default] - Api-URL:http://mweb1.api.csj.roycdn.com/api/pk10/getawarddata
[2017-05-30 23:42:21.156] [DEBUG] [default] - Api-URL:http://mweb1.api.csj.roycdn.com/api/pk10/getawarddata
[2017-05-30 23:42:23.158] [DEBUG] [default] - Api-URL:http://mweb1.api.csj.roycdn.com/api/pk10/getawarddata
[2017-05-30 23:42:25.159] [DEBUG] [default] - Api-URL:http://mweb1.api.csj.roycdn.com/api/pk10/getawarddata
[2017-05-30 23:42:27.156] [DEBUG] [default] - Api-URL:http://mweb1.api.csj.roycdn.com/api/pk10/getawarddata
[2017-05-30 23:42:29.158] [DEBUG] [default] - Api-URL:http://mweb1.api.csj.roycdn.com/api/pk10/getawarddata
[2017-05-30 23:42:31.157] [DEBUG] [default] - Api-URL:http://mweb1.api.csj.roycdn.com/api/pk10/getawarddata
[2017-05-30 23:42:33.158] [DEBUG] [default] - Api-URL:http://mweb1.api.csj.roycdn.com/api/pk10/getawarddata
[2017-05-30 23:42:35.159] [DEBUG] [default] - Api-URL:http://mweb1.api.csj.roycdn.com/api/pk10/getawarddata
[2017-05-30 23:42:37.160] [DEBUG] [default] - Api-URL:http://mweb1.api.csj.roycdn.com/api/pk10/getawarddata
[2017-05-30 23:42:39.159] [DEBUG] [default] - Api-URL:http://mweb1.api.csj.roycdn.com/api/pk10/getawarddata
[2017-05-30 23:42:41.158] [DEBUG] [default] - Api-URL:http://mweb1.api.csj.roycdn.com/api/pk10/getawarddata
[2017-05-30 23:42:43.157] [DEBUG] [default] - Api-URL:http://mweb1.api.csj.roycdn.com/api/pk10/getawarddata
[2017-05-30 23:42:45.158] [DEBUG] [default] - Api-URL:http://mweb1.api.csj.roycdn.com/api/pk10/getawarddata
[2017-05-30 23:42:47.159] [DEBUG] [default] - Api-URL:http://mweb1.api.csj.roycdn.com/api/pk10/getawarddata
[2017-05-30 23:42:49.159] [DEBUG] [default] - Api-URL:http://mweb1.api.csj.roycdn.com/api/pk10/getawarddata
[2017-05-30 23:42:51.158] [DEBUG] [default] - Api-URL:http://mweb1.api.csj.roycdn.com/api/pk10/getawarddata
[2017-05-30 23:42:51.473] [DEBUG] [default] - Api-URL:http://mweb1.api.csj.roycdn.com/api/pk10/getawardtimes
[2017-05-30 23:43:01.481] [DEBUG] [default] - Api-URL:http://mweb1.api.csj.roycdn.com/api/pk10/luzhubigorsmall
[2017-05-30 23:43:02.159] [DEBUG] [default] - 设置缓存:pk10_LuZhuBigOrSmall_Tue May 30 2017 23:39:10 GMT 0800 (CST)
[2017-05-30 23:47:11.908] [DEBUG] [default] - Api-URL:http://mweb1.api.csj.roycdn.com/api/pk10/getawarddata
[2017-05-30 23:47:13.919] [DEBUG] [default] - Api-URL:http://mweb1.api.csj.roycdn.com/api/pk10/getawarddata
[2017-05-30 23:47:16.031] [DEBUG] [default] - Api-URL:http://mweb1.api.csj.roycdn.com/api/pk10/getawarddata
[2017-05-30 23:47:17.601] [DEBUG] [default] - Api-URL:http://mweb1.api.csj.roycdn.com/api/pk10/getawarddata
[2017-05-30 23:47:20.020] [DEBUG] [default] - Api-URL:http://mweb1.api.csj.roycdn.com/api/pk10/getawarddata
[2017-05-30 23:47:22.031] [DEBUG] [default] - Api-URL:http://mweb1.api.csj.roycdn.com/api/pk10/getawarddata
[2017-05-30 23:47:24.008] [DEBUG] [default] - Api-URL:http://mweb1.api.csj.roycdn.com/api/pk10/getawarddata
[2017-05-30 23:47:26.072] [DEBUG] [default] - Api-URL:http://mweb1.api.csj.roycdn.com/api/pk10/getawarddata
[2017-05-30 23:47:27.964] [DEBUG] [default] - Api-URL:http://mweb1.api.csj.roycdn.com/api/pk10/getawarddata
[2017-05-30 23:47:30.037] [DEBUG] [default] - Api-URL:http://mweb1.api.csj.roycdn.com/api/pk10/getawarddata
[2017-05-30 23:47:31.958] [DEBUG] [default] - Api-URL:http://mweb1.api.csj.roycdn.com/api/pk10/getawarddata
[2017-05-30 23:47:34.049] [DEBUG] [default] - Api-URL:http://mweb1.api.csj.roycdn.com/api/pk10/getawarddata
[2017-05-30 23:47:35.910] [DEBUG] [default] - Api-URL:http://mweb1.api.csj.roycdn.com/api/pk10/getawarddata
[2017-05-30 23:47:37.598] [DEBUG] [default] - Api-URL:http://mweb1.api.csj.roycdn.com/api/pk10/getawarddata
[2017-05-30 23:47:39.844] [DEBUG] [default] - Api-URL:http://mweb1.api.csj.roycdn.com/api/pk10/getawarddata
[2017-05-30 23:47:41.939] [DEBUG] [default] - Api-URL:http://mweb1.api.csj.roycdn.com/api/pk10/getawarddata
[2017-05-30 23:47:42.292] [DEBUG] [default] - Api-URL:http://mweb1.api.csj.roycdn.com/api/pk10/getawardtimes
[2017-05-30 23:47:52.950] [DEBUG] [default] - 缓存过期:pk10_LuZhuBigOrSmall_Tue May 30 2017 23:39:10 GMT 0800 (CST)
[2017-05-30 23:47:52.951] [DEBUG] [default] - Api-URL:http://mweb1.api.csj.roycdn.com/api/pk10/luzhubigorsmall
[2017-05-30 23:47:53.702] [DEBUG] [default] - 设置缓存:pk10_LuZhuBigOrSmall_Tue May 30 2017 23:39:10 GMT 0800 (CST)
[2017-05-30 23:52:11.936] [DEBUG] [default] - Api-URL:http://mweb1.api.csj.roycdn.com/api/pk10/getawarddata
[2017-05-30 23:52:13.940] [DEBUG] [default] - Api-URL:http://mweb1.api.csj.roycdn.com/api/pk10/getawarddata
[2017-05-30 23:52:16.016] [DEBUG] [default] - Api-URL:http://mweb1.api.csj.roycdn.com/api/pk10/getawarddata
[2017-05-30 23:52:17.955] [DEBUG] [default] - Api-URL:http://mweb1.api.csj.roycdn.com/api/pk10/getawarddata
[2017-05-30 23:52:20.044] [DEBUG] [default] - Api-URL:http://mweb1.api.csj.roycdn.com/api/pk10/getawarddata
[2017-05-30 23:52:21.965] [DEBUG] [default] - Api-URL:http://mweb1.api.csj.roycdn.com/api/pk10/getawarddata
[2017-05-30 23:52:24.081] [DEBUG] [default] - Api-URL:http://mweb1.api.csj.roycdn.com/api/pk10/getawarddata
[2017-05-30 23:52:25.966] [DEBUG] [default] - Api-URL:http://mweb1.api.csj.roycdn.com/api/pk10/getawarddata
[2017-05-30 23:52:28.035] [DEBUG] [default] - Api-URL:http://mweb1.api.csj.roycdn.com/api/pk10/getawarddata
[2017-05-30 23:52:29.672] [DEBUG] [default] - Api-URL:http://mweb1.api.csj.roycdn.com/api/pk10/getawarddata
[2017-05-30 23:52:32.023] [DEBUG] [default] - Api-URL:http://mweb1.api.csj.roycdn.com/api/pk10/getawarddata
[2017-05-30 23:52:33.938] [DEBUG] [default] - Api-URL:http://mweb1.api.csj.roycdn.com/api/pk10/getawarddata
[2017-05-30 23:52:36.075] [DEBUG] [default] - Api-URL:http://mweb1.api.csj.roycdn.com/api/pk10/getawarddata
[2017-05-30 23:52:37.968] [DEBUG] [default] - Api-URL:http://mweb1.api.csj.roycdn.com/api/pk10/getawarddata
[2017-05-30 23:52:40.033] [DEBUG] [default] - Api-URL:http://mweb1.api.csj.roycdn.com/api/pk10/getawarddata
[2017-05-30 23:52:41.983] [DEBUG] [default] - Api-URL:http://mweb1.api.csj.roycdn.com/api/pk10/getawarddata
[2017-05-30 23:52:44.053] [DEBUG] [default] - Api-URL:http://mweb1.api.csj.roycdn.com/api/pk10/getawarddata
[2017-05-30 23:52:45.965] [DEBUG] [default] - Api-URL:http://mweb1.api.csj.roycdn.com/api/pk10/getawarddata
[2017-05-30 23:52:47.750] [DEBUG] [default] - Api-URL:http://mweb1.api.csj.roycdn.com/api/pk10/getawarddata
[2017-05-30 23:52:49.877] [DEBUG] [default] - Api-URL:http://mweb1.api.csj.roycdn.com/api/pk10/getawarddata
[2017-05-30 23:52:50.201] [DEBUG] [default] - Api-URL:http://mweb1.api.csj.roycdn.com/api/pk10/getawardtimes
[2017-05-30 23:53:00.760] [DEBUG] [default] - 缓存过期:pk10_LuZhuBigOrSmall_Tue May 30 2017 23:39:10 GMT 0800 (CST)
[2017-05-30 23:53:00.760] [DEBUG] [default] - Api-URL:http://mweb1.api.csj.roycdn.com/api/pk10/luzhubigorsmall
[2017-05-30 23:53:01.399] [DEBUG] [default] - 设置缓存:pk10_LuZhuBigOrSmall_Tue May 30 2017 23:39:10 GMT 0800 (CST)
